<?xml version="1.0" encoding="UTF-8"?>
<!-- Generated by org.testng.reporters.JUnitReportReporter -->
<testsuite skipped="0" hostname="DESKTOP-TP18Q4P" name="appium.Calendar" tests="1" failures="0" timestamp="15 May 2020 13:33:43 GMT" time="44.820" errors="0">
  <testcase name="createReminder" time="44.820" classname="appium.Calendar"/>
</testsuite> <!-- appium.Calendar -->
