<?xml version="1.0" encoding="UTF-8"?>
<!-- Generated by org.testng.reporters.JUnitReportReporter -->
<testsuite skipped="0" hostname="DESKTOP-TP18Q4P" name="ShriN.ApiDemo_orientation" tests="1" failures="0" timestamp="19 May 2020 10:41:01 GMT" time="37.588" errors="0">
  <testcase name="tc_orientationTest" time="37.588" classname="ShriN.ApiDemo_orientation"/>
</testsuite> <!-- ShriN.ApiDemo_orientation -->
