<?xml version="1.0" encoding="UTF-8"?>
<!-- Generated by org.testng.reporters.JUnitReportReporter -->
<testsuite skipped="0" hostname="DESKTOP-TP18Q4P" name="ShriN.Network_connectivity" tests="1" failures="0" timestamp="19 May 2020 11:03:42 GMT" time="54.539" errors="0">
  <testcase name="networkConnect" time="54.539" classname="ShriN.Network_connectivity"/>
</testsuite> <!-- ShriN.Network_connectivity -->
