<?xml version="1.0" encoding="UTF-8"?>
<!-- Generated by org.testng.reporters.JUnitReportReporter -->
<testsuite skipped="0" hostname="DESKTOP-TP18Q4P" name="appium.HandlingSwiches" tests="1" failures="0" timestamp="13 May 2020 11:59:35 GMT" time="28.999" errors="0">
  <testcase name="swichHandling" time="28.999" classname="appium.HandlingSwiches"/>
</testsuite> <!-- appium.HandlingSwiches -->
