<?xml version="1.0" encoding="UTF-8"?>
<!-- Generated by org.testng.reporters.JUnitReportReporter -->
<testsuite skipped="0" hostname="DESKTOP-TP18Q4P" name="tests.CapturingScreenshots" tests="1" failures="0" timestamp="19 May 2020 12:32:45 GMT" time="32.613" errors="0">
  <testcase name="screenshot" time="32.613" classname="tests.CapturingScreenshots"/>
</testsuite> <!-- tests.CapturingScreenshots -->
