<?xml version="1.0" encoding="UTF-8"?>
<!-- Generated by org.testng.reporters.JUnitReportReporter -->
<testsuite skipped="0" hostname="DESKTOP-TP18Q4P" name="appium.InstallCodeX" tests="1" failures="0" timestamp="14 May 2020 13:04:55 GMT" time="5.702" errors="1">
  <testcase name="installCodex" time="5.702" classname="appium.InstallCodeX">
    <error type="org.openqa.selenium.WebDriverException" message="An unknown server-side error occurred while processing the command. Original error: packageAndLaunchActivityFromManifest failed. Original error: Command &#039;java -jar &#039;C:\\Program Files\\Appium\\resources\\app\\node_modules\\appium\\node_modules\\appium-adb\\jars\\appium_apk_tools.jar&#039; printLaunchActivity C:\\Users\\Admin\\Desktop\\Excell\\com.android.systemui_10-29_minAPI29\(nodpi\)_apkmirror.com.apk C:\\Users\\Admin\\AppData\\Local\\Temp\\com.android.systemui&#039; exited with code 1; StdErr: May 14, 2020 6:34:54 PM brut.androlib.res.decoder.ARSCDecoder readConfigFlags
WARNING: Config flags size &gt; 38. Exceeding bytes: 0x746E000000000000000000000000000000000000000000000000.
May 14, 2020 6:34:54 PM brut.androlib.res.decoder.ARSCDecoder readConfig
WARNING: Invalid config flags detected. Dropping resources: array-sr-ERR0
Exception in thread &quot;main&quot; brut.androlib.AndrolibException: Multiple resources: spec=0x7f080155 drawable/abc_dialog_material_background, config=[DEFAULT]
	at brut.androlib.res.data.ResConfig.addResource(ResConfig.java:63)
	at brut.androlib.res.data.ResConfig.addResource(ResConfig.java:56)
	at brut.androlib.res.decoder.ARSCDecoder.readEntry(ARSCDecoder.java:186)
	at brut.androlib.res.decoder.ARSCDecoder.readConfig(ARSCDecoder.java:157)
	at brut.androlib.res.decoder.ARSCDecoder.readType(ARSCDecoder.java:125)
	at brut.androlib.res.decoder.ARSCDecoder.readPackage(ARSCDecoder.java:100)
	at brut.androlib.res.decoder.ARSCDecoder.readTable(ARSCDecoder.java:78)
	at brut.androlib.res.decoder.ARSCDecoder.decode(ARSCDecoder.java:47)
	at brut.androlib.res.AndrolibResources.getResPackagesFromApk(AndrolibResources.java:605)
	at brut.androlib.res.AndrolibResources.loadMainPkg(AndrolibResources.java:74)
	at brut.androlib.res.AndrolibResources.getResTable(AndrolibResources.java:66)
	at io.appium.apktools.AndroidManifestActivityHelper.decodeManifestXML(AndroidManifestActivityHelper.java:26)
	at io.appium.apktools.Main.main(Main.java:33)
 (WARNING: The server did not provide any stacktrace information)
Command duration or timeout: 5.23 seconds
Build info: version: &#039;2.53.1&#039;, revision: &#039;a36b8b1cd5757287168e54b817830adce9b0158d&#039;, time: &#039;2016-06-30 19:26:09&#039;
System info: host: &#039;DESKTOP-TP18Q4P&#039;, ip: &#039;192.168.240.1&#039;, os.name: &#039;Windows 10&#039;, os.arch: &#039;amd64&#039;, os.version: &#039;10.0&#039;, java.version: &#039;1.8.0_172&#039;
Driver info: io.appium.java_client.android.AndroidDriver">
      <![CDATA[org.openqa.selenium.WebDriverException: An unknown server-side error occurred while processing the command. Original error: packageAndLaunchActivityFromManifest failed. Original error: Command 'java -jar 'C:\\Program Files\\Appium\\resources\\app\\node_modules\\appium\\node_modules\\appium-adb\\jars\\appium_apk_tools.jar' printLaunchActivity C:\\Users\\Admin\\Desktop\\Excell\\com.android.systemui_10-29_minAPI29\(nodpi\)_apkmirror.com.apk C:\\Users\\Admin\\AppData\\Local\\Temp\\com.android.systemui' exited with code 1; StdErr: May 14, 2020 6:34:54 PM brut.androlib.res.decoder.ARSCDecoder readConfigFlags
WARNING: Config flags size > 38. Exceeding bytes: 0x746E000000000000000000000000000000000000000000000000.
May 14, 2020 6:34:54 PM brut.androlib.res.decoder.ARSCDecoder readConfig
WARNING: Invalid config flags detected. Dropping resources: array-sr-ERR0
Exception in thread "main" brut.androlib.AndrolibException: Multiple resources: spec=0x7f080155 drawable/abc_dialog_material_background, config=[DEFAULT]
at brut.androlib.res.data.ResConfig.addResource(ResConfig.java:63)
at brut.androlib.res.data.ResConfig.addResource(ResConfig.java:56)
at brut.androlib.res.decoder.ARSCDecoder.readEntry(ARSCDecoder.java:186)
at brut.androlib.res.decoder.ARSCDecoder.readConfig(ARSCDecoder.java:157)
at brut.androlib.res.decoder.ARSCDecoder.readType(ARSCDecoder.java:125)
at brut.androlib.res.decoder.ARSCDecoder.readPackage(ARSCDecoder.java:100)
at brut.androlib.res.decoder.ARSCDecoder.readTable(ARSCDecoder.java:78)
at brut.androlib.res.decoder.ARSCDecoder.decode(ARSCDecoder.java:47)
at brut.androlib.res.AndrolibResources.getResPackagesFromApk(AndrolibResources.java:605)
at brut.androlib.res.AndrolibResources.loadMainPkg(AndrolibResources.java:74)
at brut.androlib.res.AndrolibResources.getResTable(AndrolibResources.java:66)
at io.appium.apktools.AndroidManifestActivityHelper.decodeManifestXML(AndroidManifestActivityHelper.java:26)
at io.appium.apktools.Main.main(Main.java:33)
 (WARNING: The server did not provide any stacktrace information)
Command duration or timeout: 5.23 seconds
Build info: version: '2.53.1', revision: 'a36b8b1cd5757287168e54b817830adce9b0158d', time: '2016-06-30 19:26:09'
System info: host: 'DESKTOP-TP18Q4P', ip: '192.168.240.1', os.name: 'Windows 10', os.arch: 'amd64', os.version: '10.0', java.version: '1.8.0_172'
Driver info: io.appium.java_client.android.AndroidDriver
at sun.reflect.NativeConstructorAccessorImpl.newInstance0(Native Method)
at sun.reflect.NativeConstructorAccessorImpl.newInstance(Unknown Source)
at sun.reflect.DelegatingConstructorAccessorImpl.newInstance(Unknown Source)
at java.lang.reflect.Constructor.newInstance(Unknown Source)
at org.openqa.selenium.remote.ErrorHandler.createThrowable(ErrorHandler.java:206)
at org.openqa.selenium.remote.ErrorHandler.throwIfResponseFailed(ErrorHandler.java:158)
at org.openqa.selenium.remote.RemoteWebDriver.execute(RemoteWebDriver.java:678)
at io.appium.java_client.DefaultGenericMobileDriver.execute(DefaultGenericMobileDriver.java:40)
at io.appium.java_client.AppiumDriver.execute(AppiumDriver.java:1)
at io.appium.java_client.android.AndroidDriver.execute(AndroidDriver.java:1)
at org.openqa.selenium.remote.RemoteWebDriver.startSession(RemoteWebDriver.java:249)
at org.openqa.selenium.remote.RemoteWebDriver.<init>(RemoteWebDriver.java:131)
at org.openqa.selenium.remote.RemoteWebDriver.<init>(RemoteWebDriver.java:144)
at io.appium.java_client.DefaultGenericMobileDriver.<init>(DefaultGenericMobileDriver.java:36)
at io.appium.java_client.AppiumDriver.<init>(AppiumDriver.java:114)
at io.appium.java_client.AppiumDriver.<init>(AppiumDriver.java:132)
at io.appium.java_client.android.AndroidDriver.<init>(AndroidDriver.java:92)
at appium.InstallCodeX.installCodex(InstallCodeX.java:32)
at sun.reflect.NativeMethodAccessorImpl.invoke0(Native Method)
at sun.reflect.NativeMethodAccessorImpl.invoke(Unknown Source)
at sun.reflect.DelegatingMethodAccessorImpl.invoke(Unknown Source)
at java.lang.reflect.Method.invoke(Unknown Source)
at org.testng.internal.MethodInvocationHelper.invokeMethod(MethodInvocationHelper.java:124)
at org.testng.internal.Invoker.invokeMethod(Invoker.java:583)
at org.testng.internal.Invoker.invokeTestMethod(Invoker.java:719)
at org.testng.internal.Invoker.invokeTestMethods(Invoker.java:989)
at org.testng.internal.TestMethodWorker.invokeTestMethods(TestMethodWorker.java:125)
at org.testng.internal.TestMethodWorker.run(TestMethodWorker.java:109)
at org.testng.TestRunner.privateRun(TestRunner.java:648)
at org.testng.TestRunner.run(TestRunner.java:505)
at org.testng.SuiteRunner.runTest(SuiteRunner.java:455)
at org.testng.SuiteRunner.runSequentially(SuiteRunner.java:450)
at org.testng.SuiteRunner.privateRun(SuiteRunner.java:415)
at org.testng.SuiteRunner.run(SuiteRunner.java:364)
at org.testng.SuiteRunnerWorker.runSuite(SuiteRunnerWorker.java:52)
at org.testng.SuiteRunnerWorker.run(SuiteRunnerWorker.java:84)
at org.testng.TestNG.runSuitesSequentially(TestNG.java:1208)
at org.testng.TestNG.runSuitesLocally(TestNG.java:1137)
at org.testng.TestNG.runSuites(TestNG.java:1049)
at org.testng.TestNG.run(TestNG.java:1017)
at org.testng.remote.AbstractRemoteTestNG.run(AbstractRemoteTestNG.java:115)
at org.testng.remote.RemoteTestNG.initAndRun(RemoteTestNG.java:251)
at org.testng.remote.RemoteTestNG.main(RemoteTestNG.java:77)
]]>
    </error>
  </testcase> <!-- installCodex -->
</testsuite> <!-- appium.InstallCodeX -->
