<?xml version="1.0" encoding="UTF-8"?>
<!-- Generated by org.testng.reporters.JUnitReportReporter -->
<testsuite skipped="0" hostname="DESKTOP-TP18Q4P" name="appium.ReportUsingBase" tests="1" failures="0" timestamp="12 May 2020 14:09:09 GMT" time="0.011" errors="0">
  <testcase name="repo" time="0.011" classname="appium.ReportUsingBase"/>
</testsuite> <!-- appium.ReportUsingBase -->
