<?xml version="1.0" encoding="UTF-8"?>
<!-- Generated by org.testng.reporters.JUnitReportReporter -->
<testsuite skipped="0" hostname="DESKTOP-TP18Q4P" name="appium.ActivityLauncher" tests="1" failures="0" timestamp="13 May 2020 11:54:02 GMT" time="33.322" errors="0">
  <testcase name="installCodex" time="33.322" classname="appium.ActivityLauncher"/>
</testsuite> <!-- appium.ActivityLauncher -->
