<?xml version="1.0" encoding="UTF-8"?>
<!-- Generated by org.testng.reporters.JUnitReportReporter -->
<testsuite skipped="0" hostname="DESKTOP-TP18Q4P" name="tests.CalendarReminder" tests="1" failures="0" timestamp="16 May 2020 13:26:30 GMT" time="55.184" errors="0">
  <testcase name="createReminder" time="55.184" classname="tests.CalendarReminder"/>
</testsuite> <!-- tests.CalendarReminder -->
